<?xml version="1.0" encoding="UTF-8"?>
<testng-results skipped="0" failed="0" ignored="0" total="3" passed="3">
  <reporter-output>
  </reporter-output>
  <suite name="Default Suite" duration-ms="10312" started-at="2022-07-03T01:55:21 EET" finished-at="2022-07-03T01:55:32 EET">
    <groups>
    </groups>
    <test name="RestassuredTask" duration-ms="10312" started-at="2022-07-03T01:55:21 EET" finished-at="2022-07-03T01:55:32 EET">
      <class name="APITest">
        <test-method status="PASS" signature="getUserId()[pri:0, instance:APITest@3abbfa04]" name="getUserId" duration-ms="8625" started-at="2022-07-03T01:55:22 EET" finished-at="2022-07-03T01:55:30 EET">
          <reporter-output>
          </reporter-output>
        </test-method> <!-- getUserId -->
        <test-method status="PASS" signature="putUser()[pri:0, instance:APITest@3abbfa04]" name="putUser" duration-ms="781" started-at="2022-07-03T01:55:30 EET" finished-at="2022-07-03T01:55:31 EET">
          <reporter-output>
          </reporter-output>
        </test-method> <!-- putUser -->
        <test-method status="PASS" signature="userassociatedPost()[pri:0, instance:APITest@3abbfa04]" name="userassociatedPost" duration-ms="766" started-at="2022-07-03T01:55:31 EET" finished-at="2022-07-03T01:55:32 EET">
          <reporter-output>
          </reporter-output>
        </test-method> <!-- userassociatedPost -->
      </class> <!-- APITest -->
    </test> <!-- RestassuredTask -->
  </suite> <!-- Default Suite -->
</testng-results>
